2019-08-25 23:53:02,916 INFO  [Log] **************************************************************************************** 
2019-08-25 23:53:02,917 INFO  [Log] **************************************************************************************** 
2019-08-25 23:53:02,917 INFO  [Log] $$$$$$$$$$$$$$$$$$$$$                 UDF_TC       $$$$$$$$$$$$$$$$$$$$$$$$$ 
2019-08-25 23:53:02,917 INFO  [Log] **************************************************************************************** 
2019-08-25 23:53:02,917 INFO  [Log] **************************************************************************************** 
2019-08-25 23:53:54,641 INFO  [Log] **************************************************************************************** 
2019-08-25 23:53:54,642 INFO  [Log] **************************************************************************************** 
2019-08-25 23:53:54,642 INFO  [Log] $$$$$$$$$$$$$$$$$$$$$                 UDF_TC       $$$$$$$$$$$$$$$$$$$$$$$$$ 
2019-08-25 23:53:54,642 INFO  [Log] **************************************************************************************** 
2019-08-25 23:53:54,643 INFO  [Log] **************************************************************************************** 
2019-08-25 23:56:21,415 INFO  [Log] **************************************************************************************** 
2019-08-25 23:56:21,429 INFO  [Log] **************************************************************************************** 
2019-08-25 23:56:21,430 INFO  [Log] $$$$$$$$$$$$$$$$$$$$$                 UDF_TC       $$$$$$$$$$$$$$$$$$$$$$$$$ 
2019-08-25 23:56:21,430 INFO  [Log] **************************************************************************************** 
2019-08-25 23:56:21,430 INFO  [Log] **************************************************************************************** 
2019-08-25 23:59:07,481 INFO  [Log] **************************************************************************************** 
2019-08-25 23:59:07,515 INFO  [Log] **************************************************************************************** 
2019-08-25 23:59:07,516 INFO  [Log] $$$$$$$$$$$$$$$$$$$$$                 UDF_TC       $$$$$$$$$$$$$$$$$$$$$$$$$ 
2019-08-25 23:59:07,516 INFO  [Log] **************************************************************************************** 
2019-08-25 23:59:07,516 INFO  [Log] **************************************************************************************** 
2019-08-26 00:02:39,112 INFO  [Log] **************************************************************************************** 
2019-08-26 00:02:39,113 INFO  [Log] **************************************************************************************** 
2019-08-26 00:02:39,113 INFO  [Log] $$$$$$$$$$$$$$$$$$$$$                 UDF_TC       $$$$$$$$$$$$$$$$$$$$$$$$$ 
2019-08-26 00:02:39,113 INFO  [Log] **************************************************************************************** 
2019-08-26 00:02:39,113 INFO  [Log] **************************************************************************************** 
2019-08-26 00:03:39,350 INFO  [Log] **************************************************************************************** 
2019-08-26 00:03:39,352 INFO  [Log] **************************************************************************************** 
2019-08-26 00:03:39,352 INFO  [Log] $$$$$$$$$$$$$$$$$$$$$                 UDF_TC       $$$$$$$$$$$$$$$$$$$$$$$$$ 
2019-08-26 00:03:39,352 INFO  [Log] **************************************************************************************** 
2019-08-26 00:03:39,352 INFO  [Log] **************************************************************************************** 
2019-08-26 00:06:12,234 INFO  [Log] **************************************************************************************** 
2019-08-26 00:06:12,235 INFO  [Log] **************************************************************************************** 
2019-08-26 00:06:12,235 INFO  [Log] $$$$$$$$$$$$$$$$$$$$$                 UDF_TC       $$$$$$$$$$$$$$$$$$$$$$$$$ 
2019-08-26 00:06:12,235 INFO  [Log] **************************************************************************************** 
2019-08-26 00:06:12,235 INFO  [Log] **************************************************************************************** 
2019-08-26 10:11:44,084 INFO  [Log] **************************************************************************************** 
2019-08-26 10:11:44,101 INFO  [Log] **************************************************************************************** 
2019-08-26 10:11:44,101 INFO  [Log] $$$$$$$$$$$$$$$$$$$$$                 UDF_TC       $$$$$$$$$$$$$$$$$$$$$$$$$ 
2019-08-26 10:11:44,101 INFO  [Log] **************************************************************************************** 
2019-08-26 10:11:44,101 INFO  [Log] **************************************************************************************** 
2019-08-26 16:14:26,810 INFO  [Log] **************************************************************************************** 
2019-08-26 16:14:26,811 INFO  [Log] **************************************************************************************** 
2019-08-26 16:14:26,811 INFO  [Log] $$$$$$$$$$$$$$$$$$$$$                 Framework_1       $$$$$$$$$$$$$$$$$$$$$$$$$ 
2019-08-26 16:14:26,811 INFO  [Log] **************************************************************************************** 
2019-08-26 16:14:26,811 INFO  [Log] **************************************************************************************** 
2019-08-26 16:14:26,814 ERROR [Log] message 
2019-08-26 16:14:26,852 ERROR [Log] Login button1 is not present on the wenpage 
2019-08-26 16:14:26,853 ERROR [Log] Execution failed in any one of the steps 
2019-08-26 16:14:26,857 INFO  [Log] XXXXXXXXXXXXXXXXXXXXXXX             -E---N---D-             XXXXXXXXXXXXXXXXXXXXXX 
2019-08-26 16:14:26,857 INFO  [Log] X 
2019-08-26 16:14:26,857 INFO  [Log] X 
2019-08-26 16:14:26,858 INFO  [Log] X 
2019-08-26 16:14:26,858 INFO  [Log] X 
